<?xml version="1.0" encoding="UTF-8"?>
<!-- Generated by org.testng.reporters.JUnitReportReporter -->
<testsuite hostname="hp" failures="0" tests="1" name="hw_demo.TestHelloWorld" time="0.001" errors="0" timestamp="2020-04-03T16:27:13 CDT" skipped="0">
  <testcase classname="hw_demo.TestHelloWorld" name="testHelloWorld" time="0.001"/>
  <system-out/>
</testsuite> <!-- hw_demo.TestHelloWorld -->
